e:\work\jwl3d\j3dgui\release\j3dviewer.obj
e:\work\jwl3d\j3dgui\release\dialog_addsensorwidth.obj
e:\work\jwl3d\j3dgui\release\global.obj
e:\work\jwl3d\j3dgui\release\dialog_matchfeature.obj
e:\work\jwl3d\j3dgui\release\dialog_reconstructmesh.obj
e:\work\jwl3d\j3dgui\release\matrix4d.obj
e:\work\jwl3d\j3dgui\release\plyio.obj
e:\work\jwl3d\j3dgui\release\dialog_densifypointcloud.obj
e:\work\jwl3d\j3dgui\release\position3d.obj
e:\work\jwl3d\j3dgui\release\qt3dreconstruction.obj
e:\work\jwl3d\j3dgui\release\dialog_texturemesh.obj
e:\work\jwl3d\j3dgui\release\roamingscencemanager.obj
e:\work\jwl3d\j3dgui\release\dialog_sfm.obj
e:\work\jwl3d\j3dgui\release\vector3d.obj
e:\work\jwl3d\j3dgui\release\main.obj
e:\work\jwl3d\j3dgui\release\moc_dialog_densifypointcloud.obj
e:\work\jwl3d\j3dgui\release\moc_qt3dreconstruction.obj
e:\work\jwl3d\j3dgui\release\qrc_qt3dreconstruction.obj
e:\work\jwl3d\j3dgui\release\moc_dialog_texturemesh.obj
e:\work\jwl3d\j3dgui\release\moc_dialog_sfm.obj
e:\work\jwl3d\j3dgui\release\moc_dialog_reconstructmesh.obj
e:\work\jwl3d\j3dgui\release\moc_j3dviewer.obj
e:\work\jwl3d\j3dgui\release\moc_dialog_matchfeature.obj
e:\work\jwl3d\j3dgui\release\moc_dialog_addsensorwidth.obj
e:\work\jwl3d\j3dgui\release\uic\ui_dialog_addsensorwidth.h
e:\work\jwl3d\j3dgui\release\uic\ui_dialog_densifypointcloud.h
e:\work\jwl3d\j3dgui\release\uic\ui_dialog_matchfeature.h
e:\work\jwl3d\j3dgui\release\uic\ui_dialog_reconstructmesh.h
e:\work\jwl3d\j3dgui\release\uic\ui_dialog_sfm.h
e:\work\jwl3d\j3dgui\release\uic\ui_dialog_texturemesh.h
e:\work\jwl3d\j3dgui\release\uic\ui_qt3dreconstruction.h
e:\work\jwl3d\j3dgui\release\rcc\qrc_qt3dreconstruction.cpp
e:\work\jwl3d\j3dgui\release\moc\moc_qt3dreconstruction.cpp
e:\work\jwl3d\j3dgui\release\moc\moc_dialog_densifypointcloud.cpp
e:\work\jwl3d\j3dgui\release\moc\moc_dialog_matchfeature.cpp
e:\work\jwl3d\j3dgui\release\moc\moc_dialog_sfm.cpp
e:\work\jwl3d\j3dgui\release\moc\moc_dialog_reconstructmesh.cpp
e:\work\jwl3d\j3dgui\release\moc\moc_dialog_texturemesh.cpp
e:\work\jwl3d\j3dgui\release\moc\moc_dialog_addsensorwidth.cpp
e:\work\jwl3d\j3dgui\release\moc\moc_j3dviewer.cpp
e:\work\jwl3d\release\j3dgui.exe
e:\work\jwl3d\j3dgui\release\j3dgui.res
e:\work\jwl3d\j3dgui\release\j3dgui.tlog\cl.command.1.tlog
e:\work\jwl3d\j3dgui\release\j3dgui.tlog\cl.read.1.tlog
e:\work\jwl3d\j3dgui\release\j3dgui.tlog\cl.write.1.tlog
e:\work\jwl3d\j3dgui\release\j3dgui.tlog\j3dgui.write.1u.tlog
e:\work\jwl3d\j3dgui\release\j3dgui.tlog\link.command.1.tlog
e:\work\jwl3d\j3dgui\release\j3dgui.tlog\link.read.1.tlog
e:\work\jwl3d\j3dgui\release\j3dgui.tlog\link.write.1.tlog
e:\work\jwl3d\j3dgui\release\j3dgui.tlog\moc.read.1u.tlog
e:\work\jwl3d\j3dgui\release\j3dgui.tlog\moc.write.1u.tlog
e:\work\jwl3d\j3dgui\release\j3dgui.tlog\rc.command.1.tlog
e:\work\jwl3d\j3dgui\release\j3dgui.tlog\rc.read.1.tlog
e:\work\jwl3d\j3dgui\release\j3dgui.tlog\rc.write.1.tlog
e:\work\jwl3d\j3dgui\release\j3dgui.tlog\rcc.read.1u.tlog
e:\work\jwl3d\j3dgui\release\j3dgui.tlog\rcc.write.1u.tlog
e:\work\jwl3d\j3dgui\release\j3dgui.tlog\uic.read.1u.tlog
e:\work\jwl3d\j3dgui\release\j3dgui.tlog\uic.write.1u.tlog
