  moc j3dviewer.h
cl : 命令行 warning D9002: 忽略未知选项“/SAFESEH:NO”
cl : 命令行 warning D9002: 忽略未知选项“/SAFESEH:NO”
  Dialog_MatchFeature.cpp
cl : 命令行 warning D9002: 忽略未知选项“/SAFESEH:NO”
  Dialog_ReconstructMesh.cpp
cl : 命令行 warning D9002: 忽略未知选项“/SAFESEH:NO”
  Global.cpp
cl : 命令行 warning D9002: 忽略未知选项“/SAFESEH:NO”
  PlyIO.cpp
cl : 命令行 warning D9002: 忽略未知选项“/SAFESEH:NO”
  QT3DReconstruction.cpp
cl : 命令行 warning D9002: 忽略未知选项“/SAFESEH:NO”
  dialog_addsensorwidth.cpp
  dialog_densifypointcloud.cpp
  dialog_sfm.cpp
  dialog_texturemesh.cpp
  j3dviewer.cpp
  main.cpp
e:\work\jwl3d\j3dgui\qt3dreconstruction.cpp(44): warning C4172: 返回局部变量或临时变量的地址: wszClassName
cl : 命令行 warning D9002: 忽略未知选项“/SAFESEH:NO”
cl : 命令行 warning D9002: 忽略未知选项“/SAFESEH:NO”
  moc_Dialog_ReconstructMesh.cpp
cl : 命令行 warning D9002: 忽略未知选项“/SAFESEH:NO”
  moc_QT3DReconstruction.cpp
cl : 命令行 warning D9002: 忽略未知选项“/SAFESEH:NO”
  moc_dialog_addsensorwidth.cpp
cl : 命令行 warning D9002: 忽略未知选项“/SAFESEH:NO”
  moc_dialog_densifypointcloud.cpp
cl : 命令行 warning D9002: 忽略未知选项“/SAFESEH:NO”
  moc_dialog_matchfeature.cpp
cl : 命令行 warning D9002: 忽略未知选项“/SAFESEH:NO”
  moc_dialog_sfm.cpp
  moc_dialog_texturemesh.cpp
  moc_j3dviewer.cpp
  QT3DReconstruction.vcxproj -> E:\Work\JWL3D\Release\J3DGUI.exe
