  DensifyPointCloud.cpp
c:\openmvs\src\libs\common\types.inl(2600): warning C4819: 该文件包含不能在当前代码页(936)中表示的字符。请将该文件保存为 Unicode 格式以防止数据丢失
c:\openmvs\boost\boost_1_67_0\boost\iostreams\positioning.hpp(96): warning C4996: 'std::fpos<_Mbstatet>::seekpos': warning STL4019: The member std::fpos::seekpos() is non-Standard, and is preserved only for compatibility with workarounds for old versions of Visual C++. It will be removed in a future release, and in this release always returns 0. Please use standards-conforming mechanisms to manipulate fpos, such as conversions to and from streamoff, or an integral type, instead. If you are receiving this message while compiling Boost.IOStreams, a fix has been submitted upstream to make Boost use standards-conforming mechanisms, as it does for other compilers. You can define _SILENCE_FPOS_SEEKPOS_DEPRECATION_WARNING to acknowledge that you have received this warning, or define _REMOVE_FPOS_SEEKPOS to remove std::fpos::seekpos entirely.
  c:\program files (x86)\microsoft visual studio\2017\community\vc\tools\msvc\14.16.27023\include\iosfwd(59): note: 参见“std::fpos<_Mbstatet>::seekpos”的声明
c:\openmvs\src\libs\io\obj.h : warning C4819: 该文件包含不能在当前代码页(936)中表示的字符。请将该文件保存为 Unicode 格式以防止数据丢失
  ReconstructMesh.cpp
c:\openmvs\src\libs\common\types.inl(2600): warning C4819: 该文件包含不能在当前代码页(936)中表示的字符。请将该文件保存为 Unicode 格式以防止数据丢失
c:\openmvs\boost\boost_1_67_0\boost\iostreams\positioning.hpp(96): warning C4996: 'std::fpos<_Mbstatet>::seekpos': warning STL4019: The member std::fpos::seekpos() is non-Standard, and is preserved only for compatibility with workarounds for old versions of Visual C++. It will be removed in a future release, and in this release always returns 0. Please use standards-conforming mechanisms to manipulate fpos, such as conversions to and from streamoff, or an integral type, instead. If you are receiving this message while compiling Boost.IOStreams, a fix has been submitted upstream to make Boost use standards-conforming mechanisms, as it does for other compilers. You can define _SILENCE_FPOS_SEEKPOS_DEPRECATION_WARNING to acknowledge that you have received this warning, or define _REMOVE_FPOS_SEEKPOS to remove std::fpos::seekpos entirely.
  c:\program files (x86)\microsoft visual studio\2017\community\vc\tools\msvc\14.16.27023\include\iosfwd(59): note: 参见“std::fpos<_Mbstatet>::seekpos”的声明
c:\openmvs\src\libs\io\obj.h : warning C4819: 该文件包含不能在当前代码页(936)中表示的字符。请将该文件保存为 Unicode 格式以防止数据丢失
  RefineMesh.cpp
c:\openmvs\src\libs\common\types.inl(2600): warning C4819: 该文件包含不能在当前代码页(936)中表示的字符。请将该文件保存为 Unicode 格式以防止数据丢失
c:\openmvs\boost\boost_1_67_0\boost\iostreams\positioning.hpp(96): warning C4996: 'std::fpos<_Mbstatet>::seekpos': warning STL4019: The member std::fpos::seekpos() is non-Standard, and is preserved only for compatibility with workarounds for old versions of Visual C++. It will be removed in a future release, and in this release always returns 0. Please use standards-conforming mechanisms to manipulate fpos, such as conversions to and from streamoff, or an integral type, instead. If you are receiving this message while compiling Boost.IOStreams, a fix has been submitted upstream to make Boost use standards-conforming mechanisms, as it does for other compilers. You can define _SILENCE_FPOS_SEEKPOS_DEPRECATION_WARNING to acknowledge that you have received this warning, or define _REMOVE_FPOS_SEEKPOS to remove std::fpos::seekpos entirely.
  c:\program files (x86)\microsoft visual studio\2017\community\vc\tools\msvc\14.16.27023\include\iosfwd(59): note: 参见“std::fpos<_Mbstatet>::seekpos”的声明
c:\openmvs\src\libs\io\obj.h : warning C4819: 该文件包含不能在当前代码页(936)中表示的字符。请将该文件保存为 Unicode 格式以防止数据丢失
  TextureMesh.cpp
c:\openmvs\src\libs\common\types.inl(2600): warning C4819: 该文件包含不能在当前代码页(936)中表示的字符。请将该文件保存为 Unicode 格式以防止数据丢失
c:\openmvs\boost\boost_1_67_0\boost\iostreams\positioning.hpp(96): warning C4996: 'std::fpos<_Mbstatet>::seekpos': warning STL4019: The member std::fpos::seekpos() is non-Standard, and is preserved only for compatibility with workarounds for old versions of Visual C++. It will be removed in a future release, and in this release always returns 0. Please use standards-conforming mechanisms to manipulate fpos, such as conversions to and from streamoff, or an integral type, instead. If you are receiving this message while compiling Boost.IOStreams, a fix has been submitted upstream to make Boost use standards-conforming mechanisms, as it does for other compilers. You can define _SILENCE_FPOS_SEEKPOS_DEPRECATION_WARNING to acknowledge that you have received this warning, or define _REMOVE_FPOS_SEEKPOS to remove std::fpos::seekpos entirely.
  c:\program files (x86)\microsoft visual studio\2017\community\vc\tools\msvc\14.16.27023\include\iosfwd(59): note: 参见“std::fpos<_Mbstatet>::seekpos”的声明
c:\openmvs\src\libs\io\obj.h : warning C4819: 该文件包含不能在当前代码页(936)中表示的字符。请将该文件保存为 Unicode 格式以防止数据丢失
  正在生成代码...
  MVS.lib(PointCloud.obj) : 找到 MSIL .netmodule 或使用 /GL 编译的模块；正在使用 /LTCG 重新启动链接；将 /LTCG 添加到链接命令行以改进链接器性能
    正在创建库 E:\Work\JWL3D\x64\Release\J3DMVSEngine.lib 和对象 E:\Work\JWL3D\x64\Release\J3DMVSEngine.exp
LINK : warning LNK4098: 默认库“LIBCMTD”与其他库的使用冲突；请使用 /NODEFAULTLIB:library
  正在生成代码
c:\openmvs\vcg\vcg\complex\algorithms\clean.h(631): warning C4756: 常量算法中溢出
c:\openmvs\vcg\vcg\complex\algorithms\clean.h(631): warning C4756: 常量算法中溢出
  已完成代码的生成
  MVSEngine.vcxproj -> E:\Work\JWL3D\x64\Release\J3DMVSEngine.dll
